<?xml version="1.0" encoding="UTF-8"?>
<!-- Generated by org.testng.reporters.JUnitReportReporter -->
<testsuite hostname="venkat-PC" name="selenium.checkparamwithoptionalannotation" tests="1" failures="0" timestamp="29 Oct 2017 04:46:14 GMT" time="0.025" errors="0">
  <testcase name="checkparamoptional" time="0.025" classname="selenium.checkparamwithoptionalannotation"/>
</testsuite> <!-- selenium.checkparamwithoptionalannotation -->
