<?xml version="1.0" encoding="UTF-8"?>
<!-- Generated by org.testng.reporters.JUnitReportReporter -->
<testsuite hostname="venkat-PC" name="selenium.chromedrivertest" tests="2" failures="0" timestamp="9 Jan 2018 02:13:42 GMT" time="4.193" errors="0">
  <testcase name="chrometest" time="2.717" classname="selenium.chromedrivertest"/>
  <testcase name="newpage" time="1.476" classname="selenium.chromedrivertest"/>
</testsuite> <!-- selenium.chromedrivertest -->
