<?xml version="1.0" encoding="UTF-8"?>
<!-- Generated by org.testng.reporters.JUnitReportReporter -->
<testsuite hostname="venkat-PC" name="selenium.southwestverifydataproviders" tests="2" failures="0" timestamp="27 Jan 2018 02:53:43 GMT" time="233.888" errors="0">
  <testcase name="flighttab" time="114.325" classname="selenium.southwestverifydataproviders"/>
  <testcase name="flighttab" time="119.563" classname="selenium.southwestverifydataproviders"/>
</testsuite> <!-- selenium.southwestverifydataproviders -->
