<?xml version="1.0" encoding="UTF-8"?>
<!-- Generated by org.testng.reporters.JUnitReportReporter -->
<testsuite hostname="venkat-PC" name="selenium.TestNGwebsiteAnnotations" tests="3" failures="0" timestamp="28 Oct 2017 03:50:24 GMT" time="6.083" errors="0">
  <testcase name="clickondocumentation" time="1.132" classname="selenium.TestNGwebsiteAnnotations"/>
  <testcase name="testnghomepage" time="0.057" classname="selenium.TestNGwebsiteAnnotations"/>
  <testcase name="clickondownload" time="4.894" classname="selenium.TestNGwebsiteAnnotations"/>
</testsuite> <!-- selenium.TestNGwebsiteAnnotations -->
