<?xml version="1.0" encoding="UTF-8"?>
<!-- Generated by org.testng.reporters.JUnitReportReporter -->
<testsuite hostname="venkat-PC" name="selenium.boabankingtab" tests="1" failures="0" timestamp="4 Oct 2017 18:11:26 GMT" time="9.118" errors="0">
  <testcase name="bankingTab" time="9.118" classname="selenium.boabankingtab"/>
</testsuite> <!-- selenium.boabankingtab -->
