<?xml version="1.0" encoding="UTF-8"?>
<!-- Generated by org.testng.reporters.JUnitReportReporter -->
<testsuite hostname="venkat-PC" name="selenium.GmailloginpageItestcontext" tests="3" failures="0" timestamp="11 Jan 2018 18:39:56 GMT" time="7.121" errors="0">
  <testcase name="opengmailurl" time="4.974" classname="selenium.GmailloginpageItestcontext"/>
  <testcase name="signinlink" time="2.143" classname="selenium.GmailloginpageItestcontext"/>
  <testcase name="logininfo" time="0.004" classname="selenium.GmailloginpageItestcontext"/>
</testsuite> <!-- selenium.GmailloginpageItestcontext -->
