<?xml version="1.0" encoding="UTF-8"?>
<!-- Generated by org.testng.reporters.JUnitReportReporter -->
<testsuite hostname="venkat-PC" name="selenium.TestItestcontext" tests="3" failures="0" timestamp="11 Jan 2018 18:15:07 GMT" time="9.033" errors="0">
  <testcase name="opendoc" time="0.418" classname="selenium.TestItestcontext"/>
  <testcase name="welcomeclick" time="4.933" classname="selenium.TestItestcontext"/>
  <testcase name="openurl" time="3.682" classname="selenium.TestItestcontext"/>
</testsuite> <!-- selenium.TestItestcontext -->
