<?xml version="1.0" encoding="UTF-8"?>
<!-- Generated by org.testng.reporters.JUnitReportReporter -->
<testsuite hostname="venkat-PC" name="selenium.verifydataproviders" tests="3" failures="0" timestamp="22 Jan 2018 04:34:40 GMT" time="0.029" errors="0">
  <testcase name="getcoursedetails" time="0.003" classname="selenium.verifydataproviders"/>
  <testcase name="getcoursedetails" time="0.024" classname="selenium.verifydataproviders"/>
  <testcase name="getcoursedetails" time="0.002" classname="selenium.verifydataproviders"/>
</testsuite> <!-- selenium.verifydataproviders -->
