<?xml version="1.0" encoding="UTF-8"?>
<!-- Generated by org.testng.reporters.JUnitReportReporter -->
<testsuite hostname="venkat-PC" name="selenium.ObjectRepository" tests="1" failures="0" timestamp="7 Feb 2018 04:20:25 GMT" time="7.683" errors="0">
  <testcase name="commonproperties" time="7.683" classname="selenium.ObjectRepository"/>
</testsuite> <!-- selenium.ObjectRepository -->
