<?xml version="1.0" encoding="UTF-8"?>
<!-- Generated by org.testng.reporters.JUnitReportReporter -->
<testsuite hostname="venkat-PC" name="selenium.Freecrmtestwebsite" tests="2" failures="0" timestamp="10 Feb 2018 04:40:27 GMT" time="9.931" errors="0">
  <testcase name="homepagetest" time="6.459" classname="selenium.Freecrmtestwebsite"/>
  <testcase name="verifyusercanlogout" time="3.472" classname="selenium.Freecrmtestwebsite"/>
</testsuite> <!-- selenium.Freecrmtestwebsite -->
