<?xml version="1.0" encoding="UTF-8"?>
<!-- Generated by org.testng.reporters.JUnitReportReporter -->
<testsuite hostname="venkat-PC" name="selenium.checkparameterpractice2" tests="1" failures="0" timestamp="9 Jan 2018 04:54:22 GMT" time="0.026" errors="0">
  <testcase name="checkparam" time="0.026" classname="selenium.checkparameterpractice2"/>
</testsuite> <!-- selenium.checkparameterpractice2 -->
