<?xml version="1.0" encoding="UTF-8"?>
<!-- Generated by org.testng.reporters.JUnitReportReporter -->
<testsuite hostname="venkat-PC" name="selenium.checkparametersinTestNG" tests="1" failures="0" timestamp="29 Oct 2017 04:27:02 GMT" time="0.023" errors="0">
  <testcase name="checkparameter" time="0.023" classname="selenium.checkparametersinTestNG"/>
</testsuite> <!-- selenium.checkparametersinTestNG -->
