<?xml version="1.0" encoding="UTF-8"?>
<!-- Generated by org.testng.reporters.JUnitReportReporter -->
<testsuite hostname="venkat-PC" name="selenium.IncludeExcludedroupstest" tests="1" failures="0" timestamp="9 Jan 2018 23:41:52 GMT" time="0.061" errors="0">
  <testcase name="comparetitles" time="0.061" classname="selenium.IncludeExcludedroupstest"/>
</testsuite> <!-- selenium.IncludeExcludedroupstest -->
