<?xml version="1.0" encoding="UTF-8"?>
<!-- Generated by org.testng.reporters.JUnitReportReporter -->
<testsuite hostname="venkat-PC" name="selenium.chromedrivertestbaseclass" tests="1" failures="0" timestamp="7 Jan 2018 21:55:33 GMT" time="8.907" errors="0">
  <testcase name="baseclassurl" time="8.907" classname="selenium.chromedrivertestbaseclass"/>
</testsuite> <!-- selenium.chromedrivertestbaseclass -->
