<?xml version="1.0" encoding="UTF-8"?>
<!-- Generated by org.testng.reporters.JUnitReportReporter -->
<testsuite hostname="venkat-PC" name="selenium.TestNGAnnotations" tests="3" failures="0" timestamp="28 Oct 2017 03:50:24 GMT" time="0.038" errors="0">
  <testcase name="test3" time="0.004" classname="selenium.TestNGAnnotations"/>
  <testcase name="test2" time="0.029" classname="selenium.TestNGAnnotations"/>
  <testcase name="test1" time="0.005" classname="selenium.TestNGAnnotations"/>
</testsuite> <!-- selenium.TestNGAnnotations -->
