<?xml version="1.0" encoding="UTF-8"?>
<!-- Generated by org.testng.reporters.JUnitReportReporter -->
<testsuite hostname="venkat-PC" name="selenium.firefoxtest" tests="2" failures="0" timestamp="9 Jan 2018 02:13:42 GMT" time="3.509" errors="0">
  <testcase name="googlenewpage" time="0.975" classname="selenium.firefoxtest"/>
  <testcase name="googlepagetest" time="2.534" classname="selenium.firefoxtest"/>
</testsuite> <!-- selenium.firefoxtest -->
